This file contains any messages produced by compilers while
running configure, to aid debugging if configure makes a mistake.

It was created by tomoe configure 0.6.0, which was
generated by GNU Autoconf 2.61.  Invocation command line was

  $ ./configure 

## --------- ##
## Platform. ##
## --------- ##

hostname = x17
uname -m = x86_64
uname -r = 6.3.8-zen1-1-zen
uname -s = Linux
uname -v = #1 ZEN SMP PREEMPT_DYNAMIC Thu, 15 Jun 2023 12:02:24 +0000

/usr/bin/uname -p = unknown
/bin/uname -X     = unknown

/bin/arch              = unknown
/usr/bin/arch -k       = unknown
/usr/convex/getsysinfo = unknown
/usr/bin/hostinfo      = unknown
/bin/machine           = unknown
/usr/bin/oslevel       = unknown
/bin/universe          = unknown

PATH: /usr/local/sbin
PATH: /usr/local/bin
PATH: /usr/bin
PATH: /usr/bin/site_perl
PATH: /usr/bin/vendor_perl
PATH: /usr/bin/core_perl
PATH: /usr/share/perl6/site/bin/
PATH: /usr/lib/emsdk
PATH: /usr/lib/emsdk/upstream/emscripten
PATH: /home/user/.local/bin
PATH: /home/user/.cargo/bin
PATH: /home/user/.nimble/bin
PATH: /home/user/.idris2/bin
PATH: /home/user/.cabal/bin
PATH: /home/user/.fly/bin
PATH: /home/user/.local/share/go/bin
PATH: /home/user/.local/share/ponyup/bin
PATH: /home/user/.elan/bin
PATH: /home/user/.raku/bin
PATH: /home/user/Applications/adk/cmdline-tools/latest/bin
PATH: /home/user/.ghcup/bin
PATH: /home/user/.deno/bin
PATH: /home/user/computing/cli/git-tools
PATH: /home/user/.local/share/gem/ruby/3.0.0/bin
PATH: /home/user/.luarocks/bin
PATH: /home/user/Applications/buzz/bin
PATH: /home/user/.local/share/pnpm


## ----------- ##
## Core tests. ##
## ----------- ##

configure:2118: checking for a BSD-compatible install
configure:2174: result: /usr/bin/install -c
configure:2185: checking whether build environment is sane
configure:2228: result: yes
configure:2256: checking for a thread-safe mkdir -p
configure:2295: result: /usr/bin/mkdir -p
configure:2308: checking for gawk
configure:2324: found /usr/bin/gawk
configure:2335: result: gawk
configure:2346: checking whether make sets $(MAKE)
configure:2367: result: yes
configure:2636: checking build system type
configure:2654: result: x86_64-unknown-linux-gnu
configure:2676: checking host system type
configure:2691: result: x86_64-unknown-linux-gnu
configure:2725: checking for style of include used by make
configure:2753: result: GNU
configure:2823: checking for gcc
configure:2839: found /usr/bin/gcc
configure:2850: result: gcc
configure:3088: checking for C compiler version
configure:3095: gcc --version >&5
gcc (GCC) 13.1.1 20230429
Copyright (C) 2023 Free Software Foundation, Inc.
This is free software; see the source for copying conditions.  There is NO
warranty; not even for MERCHANTABILITY or FITNESS FOR A PARTICULAR PURPOSE.

configure:3098: $? = 0
configure:3105: gcc -v >&5
Using built-in specs.
COLLECT_GCC=gcc
COLLECT_LTO_WRAPPER=/usr/lib/gcc/x86_64-pc-linux-gnu/13.1.1/lto-wrapper
Target: x86_64-pc-linux-gnu
Configured with: /build/gcc/src/gcc/configure --enable-languages=ada,c,c++,d,fortran,go,lto,objc,obj-c++ --enable-bootstrap --prefix=/usr --libdir=/usr/lib --libexecdir=/usr/lib --mandir=/usr/share/man --infodir=/usr/share/info --with-bugurl=https://bugs.archlinux.org/ --with-build-config=bootstrap-lto --with-linker-hash-style=gnu --with-system-zlib --enable-__cxa_atexit --enable-cet=auto --enable-checking=release --enable-clocale=gnu --enable-default-pie --enable-default-ssp --enable-gnu-indirect-function --enable-gnu-unique-object --enable-libstdcxx-backtrace --enable-link-serialization=1 --enable-linker-build-id --enable-lto --enable-multilib --enable-plugin --enable-shared --enable-threads=posix --disable-libssp --disable-libstdcxx-pch --disable-werror
Thread model: posix
Supported LTO compression algorithms: zlib zstd
gcc version 13.1.1 20230429 (GCC) 
configure:3108: $? = 0
configure:3115: gcc -V >&5
gcc: error: unrecognized command-line option '-V'
gcc: fatal error: no input files
compilation terminated.
configure:3118: $? = 1
configure:3141: checking for C compiler default output file name
configure:3168: gcc    conftest.c  >&5
configure:3171: $? = 0
configure:3209: result: a.out
configure:3226: checking whether the C compiler works
configure:3236: ./a.out
configure:3239: $? = 0
configure:3256: result: yes
configure:3263: checking whether we are cross compiling
configure:3265: result: no
configure:3268: checking for suffix of executables
configure:3275: gcc -o conftest    conftest.c  >&5
configure:3278: $? = 0
configure:3302: result: 
configure:3308: checking for suffix of object files
configure:3334: gcc -c   conftest.c >&5
configure:3337: $? = 0
configure:3360: result: o
configure:3364: checking whether we are using the GNU C compiler
configure:3393: gcc -c   conftest.c >&5
configure:3399: $? = 0
configure:3416: result: yes
configure:3421: checking whether gcc accepts -g
configure:3451: gcc -c -g  conftest.c >&5
configure:3457: $? = 0
configure:3556: result: yes
configure:3573: checking for gcc option to accept ISO C89
configure:3647: gcc  -c -g -O2  conftest.c >&5
configure:3653: $? = 0
configure:3676: result: none needed
configure:3696: checking dependency style of gcc
configure:3787: result: gcc3
configure:3802: checking for a sed that does not truncate output
configure:3856: result: /usr/bin/sed
configure:3859: checking for grep that handles long lines and -e
configure:3933: result: /usr/bin/grep
configure:3938: checking for egrep
configure:4016: result: /usr/bin/grep -E
configure:4032: checking for ld used by gcc
configure:4099: result: /usr/bin/ld
configure:4108: checking if the linker (/usr/bin/ld) is GNU ld
configure:4123: result: yes
configure:4128: checking for /usr/bin/ld option to reload object files
configure:4135: result: -r
configure:4153: checking for BSD-compatible nm
configure:4202: result: /usr/bin/nm -B
configure:4206: checking whether ln -s works
configure:4210: result: yes
configure:4217: checking how to recognise dependent libraries
configure:4393: result: pass_all
configure:4481: gcc -c -g -O2  conftest.c >&5
configure:4484: $? = 0
configure:4627: checking how to run the C preprocessor
configure:4667: gcc -E  conftest.c
configure:4673: $? = 0
configure:4704: gcc -E  conftest.c
conftest.c:10:10: fatal error: ac_nonexistent.h: No such file or directory
   10 | #include <ac_nonexistent.h>
      |          ^~~~~~~~~~~~~~~~~~
compilation terminated.
configure:4710: $? = 1
configure: failed program was:
| /* confdefs.h.  */
| #define PACKAGE_NAME "tomoe"
| #define PACKAGE_TARNAME "tomoe"
| #define PACKAGE_VERSION "0.6.0"
| #define PACKAGE_STRING "tomoe 0.6.0"
| #define PACKAGE_BUGREPORT ""
| #define PACKAGE "tomoe"
| #define VERSION "0.6.0"
| /* end confdefs.h.  */
| #include <ac_nonexistent.h>
configure:4743: result: gcc -E
configure:4772: gcc -E  conftest.c
configure:4778: $? = 0
configure:4809: gcc -E  conftest.c
conftest.c:10:10: fatal error: ac_nonexistent.h: No such file or directory
   10 | #include <ac_nonexistent.h>
      |          ^~~~~~~~~~~~~~~~~~
compilation terminated.
configure:4815: $? = 1
configure: failed program was:
| /* confdefs.h.  */
| #define PACKAGE_NAME "tomoe"
| #define PACKAGE_TARNAME "tomoe"
| #define PACKAGE_VERSION "0.6.0"
| #define PACKAGE_STRING "tomoe 0.6.0"
| #define PACKAGE_BUGREPORT ""
| #define PACKAGE "tomoe"
| #define VERSION "0.6.0"
| /* end confdefs.h.  */
| #include <ac_nonexistent.h>
configure:4853: checking for ANSI C header files
configure:4883: gcc -c -g -O2  conftest.c >&5
configure:4889: $? = 0
configure:4988: gcc -o conftest -g -O2   conftest.c  >&5
configure:4991: $? = 0
configure:4997: ./conftest
configure:5000: $? = 0
configure:5017: result: yes
configure:5041: checking for sys/types.h
configure:5062: gcc -c -g -O2  conftest.c >&5
configure:5068: $? = 0
configure:5084: result: yes
configure:5041: checking for sys/stat.h
configure:5062: gcc -c -g -O2  conftest.c >&5
configure:5068: $? = 0
configure:5084: result: yes
configure:5041: checking for stdlib.h
configure:5062: gcc -c -g -O2  conftest.c >&5
configure:5068: $? = 0
configure:5084: result: yes
configure:5041: checking for string.h
configure:5062: gcc -c -g -O2  conftest.c >&5
configure:5068: $? = 0
configure:5084: result: yes
configure:5041: checking for memory.h
configure:5062: gcc -c -g -O2  conftest.c >&5
configure:5068: $? = 0
configure:5084: result: yes
configure:5041: checking for strings.h
configure:5062: gcc -c -g -O2  conftest.c >&5
configure:5068: $? = 0
configure:5084: result: yes
configure:5041: checking for inttypes.h
configure:5062: gcc -c -g -O2  conftest.c >&5
configure:5068: $? = 0
configure:5084: result: yes
configure:5041: checking for stdint.h
configure:5062: gcc -c -g -O2  conftest.c >&5
configure:5068: $? = 0
configure:5084: result: yes
configure:5041: checking for unistd.h
configure:5062: gcc -c -g -O2  conftest.c >&5
configure:5068: $? = 0
configure:5084: result: yes
configure:5111: checking dlfcn.h usability
configure:5128: gcc -c -g -O2  conftest.c >&5
configure:5134: $? = 0
configure:5148: result: yes
configure:5152: checking dlfcn.h presence
configure:5167: gcc -E  conftest.c
configure:5173: $? = 0
configure:5187: result: yes
configure:5215: checking for dlfcn.h
configure:5223: result: yes
configure:5294: checking for g++
configure:5310: found /usr/bin/g++
configure:5321: result: g++
configure:5352: checking for C++ compiler version
configure:5359: g++ --version >&5
g++ (GCC) 13.1.1 20230429
Copyright (C) 2023 Free Software Foundation, Inc.
This is free software; see the source for copying conditions.  There is NO
warranty; not even for MERCHANTABILITY or FITNESS FOR A PARTICULAR PURPOSE.

configure:5362: $? = 0
configure:5369: g++ -v >&5
Using built-in specs.
COLLECT_GCC=g++
COLLECT_LTO_WRAPPER=/usr/lib/gcc/x86_64-pc-linux-gnu/13.1.1/lto-wrapper
Target: x86_64-pc-linux-gnu
Configured with: /build/gcc/src/gcc/configure --enable-languages=ada,c,c++,d,fortran,go,lto,objc,obj-c++ --enable-bootstrap --prefix=/usr --libdir=/usr/lib --libexecdir=/usr/lib --mandir=/usr/share/man --infodir=/usr/share/info --with-bugurl=https://bugs.archlinux.org/ --with-build-config=bootstrap-lto --with-linker-hash-style=gnu --with-system-zlib --enable-__cxa_atexit --enable-cet=auto --enable-checking=release --enable-clocale=gnu --enable-default-pie --enable-default-ssp --enable-gnu-indirect-function --enable-gnu-unique-object --enable-libstdcxx-backtrace --enable-link-serialization=1 --enable-linker-build-id --enable-lto --enable-multilib --enable-plugin --enable-shared --enable-threads=posix --disable-libssp --disable-libstdcxx-pch --disable-werror
Thread model: posix
Supported LTO compression algorithms: zlib zstd
gcc version 13.1.1 20230429 (GCC) 
configure:5372: $? = 0
configure:5379: g++ -V >&5
g++: error: unrecognized command-line option '-V'
g++: fatal error: no input files
compilation terminated.
configure:5382: $? = 1
configure:5385: checking whether we are using the GNU C++ compiler
configure:5414: g++ -c   conftest.cpp >&5
configure:5420: $? = 0
configure:5437: result: yes
configure:5442: checking whether g++ accepts -g
configure:5472: g++ -c -g  conftest.cpp >&5
configure:5478: $? = 0
configure:5577: result: yes
configure:5602: checking dependency style of g++
configure:5693: result: gcc3
configure:5718: checking how to run the C++ preprocessor
configure:5754: g++ -E  conftest.cpp
configure:5760: $? = 0
configure:5791: g++ -E  conftest.cpp
conftest.cpp:21:10: fatal error: ac_nonexistent.h: No such file or directory
   21 | #include <ac_nonexistent.h>
      |          ^~~~~~~~~~~~~~~~~~
compilation terminated.
configure:5797: $? = 1
configure: failed program was:
| /* confdefs.h.  */
| #define PACKAGE_NAME "tomoe"
| #define PACKAGE_TARNAME "tomoe"
| #define PACKAGE_VERSION "0.6.0"
| #define PACKAGE_STRING "tomoe 0.6.0"
| #define PACKAGE_BUGREPORT ""
| #define PACKAGE "tomoe"
| #define VERSION "0.6.0"
| #define STDC_HEADERS 1
| #define HAVE_SYS_TYPES_H 1
| #define HAVE_SYS_STAT_H 1
| #define HAVE_STDLIB_H 1
| #define HAVE_STRING_H 1
| #define HAVE_MEMORY_H 1
| #define HAVE_STRINGS_H 1
| #define HAVE_INTTYPES_H 1
| #define HAVE_STDINT_H 1
| #define HAVE_UNISTD_H 1
| #define HAVE_DLFCN_H 1
| /* end confdefs.h.  */
| #include <ac_nonexistent.h>
configure:5830: result: g++ -E
configure:5859: g++ -E  conftest.cpp
configure:5865: $? = 0
configure:5896: g++ -E  conftest.cpp
conftest.cpp:21:10: fatal error: ac_nonexistent.h: No such file or directory
   21 | #include <ac_nonexistent.h>
      |          ^~~~~~~~~~~~~~~~~~
compilation terminated.
configure:5902: $? = 1
configure: failed program was:
| /* confdefs.h.  */
| #define PACKAGE_NAME "tomoe"
| #define PACKAGE_TARNAME "tomoe"
| #define PACKAGE_VERSION "0.6.0"
| #define PACKAGE_STRING "tomoe 0.6.0"
| #define PACKAGE_BUGREPORT ""
| #define PACKAGE "tomoe"
| #define VERSION "0.6.0"
| #define STDC_HEADERS 1
| #define HAVE_SYS_TYPES_H 1
| #define HAVE_SYS_STAT_H 1
| #define HAVE_STDLIB_H 1
| #define HAVE_STRING_H 1
| #define HAVE_MEMORY_H 1
| #define HAVE_STRINGS_H 1
| #define HAVE_INTTYPES_H 1
| #define HAVE_STDINT_H 1
| #define HAVE_UNISTD_H 1
| #define HAVE_DLFCN_H 1
| /* end confdefs.h.  */
| #include <ac_nonexistent.h>
configure:5995: checking for g77
configure:6025: result: no
configure:5995: checking for xlf
configure:6025: result: no
configure:5995: checking for f77
configure:6025: result: no
configure:5995: checking for frt
configure:6025: result: no
configure:5995: checking for pgf77
configure:6025: result: no
configure:5995: checking for cf77
configure:6025: result: no
configure:5995: checking for fort77
configure:6025: result: no
configure:5995: checking for fl32
configure:6025: result: no
configure:5995: checking for af77
configure:6025: result: no
configure:5995: checking for xlf90
configure:6025: result: no
configure:5995: checking for f90
configure:6025: result: no
configure:5995: checking for pgf90
configure:6025: result: no
configure:5995: checking for pghpf
configure:6025: result: no
configure:5995: checking for epcf90
configure:6025: result: no
configure:5995: checking for gfortran
configure:6025: result: no
configure:5995: checking for g95
configure:6025: result: no
configure:5995: checking for xlf95
configure:6025: result: no
configure:5995: checking for f95
configure:6025: result: no
configure:5995: checking for fort
configure:6025: result: no
configure:5995: checking for ifort
configure:6025: result: no
configure:5995: checking for ifc
configure:6025: result: no
configure:5995: checking for efc
configure:6025: result: no
configure:5995: checking for pgf95
configure:6025: result: no
configure:5995: checking for lf95
configure:6025: result: no
configure:5995: checking for ftn
configure:6025: result: no
configure:6052: checking for Fortran 77 compiler version
configure:6059:  --version >&5
./configure: line 6060: --version: command not found
configure:6062: $? = 127
configure:6069:  -v >&5
./configure: line 6070: -v: command not found
configure:6072: $? = 127
configure:6079:  -V >&5
./configure: line 6080: -V: command not found
configure:6082: $? = 127
configure:6090: checking whether we are using the GNU Fortran 77 compiler
configure:6109:  -c  conftest.F >&5
./configure: line 6110: -c: command not found
configure:6115: $? = 127
configure: failed program was:
|       program main
| #ifndef __GNUC__
|        choke me
| #endif
| 
|       end
configure:6132: result: no
configure:6138: checking whether  accepts -g
configure:6155:  -c -g conftest.f >&5
./configure: line 6156: -c: command not found
configure:6161: $? = 127
configure: failed program was:
|       program main
| 
|       end
configure:6177: result: no
configure:6207: checking the maximum length of command line arguments
configure:6316: result: 32768
configure:6327: checking command to parse /usr/bin/nm -B output from gcc object
configure:6432: gcc -c -g -O2  conftest.c >&5
configure:6435: $? = 0
configure:6439: /usr/bin/nm -B conftest.o \| sed -n -e 's/^.*[ 	]\([ABCDGIRSTW][ABCDGIRSTW]*\)[ 	][ 	]*\([_A-Za-z][_A-Za-z0-9]*\)$/\1 \2 \2/p' \> conftest.nm
configure:6442: $? = 0
configure:6494: gcc -o conftest -g -O2   conftest.c conftstm.o >&5
configure:6497: $? = 0
configure:6535: result: ok
configure:6539: checking for objdir
configure:6554: result: .libs
configure:6646: checking for ar
configure:6662: found /usr/bin/ar
configure:6673: result: ar
configure:6742: checking for ranlib
configure:6758: found /usr/bin/ranlib
configure:6769: result: ranlib
configure:6838: checking for strip
configure:6854: found /usr/bin/strip
configure:6865: result: strip
configure:7151: checking if gcc supports -fno-rtti -fno-exceptions
configure:7169: gcc -c -g -O2  -fno-rtti -fno-exceptions conftest.c >&5
cc1: warning: command-line option '-fno-rtti' is valid for C++/D/ObjC++ but not for C
configure:7173: $? = 0
configure:7186: result: no
configure:7201: checking for gcc option to produce PIC
configure:7411: result: -fPIC
configure:7419: checking if gcc PIC flag -fPIC works
configure:7437: gcc -c -g -O2  -fPIC -DPIC conftest.c >&5
configure:7441: $? = 0
configure:7454: result: yes
configure:7482: checking if gcc static flag -static works
configure:7510: result: yes
configure:7520: checking if gcc supports -c -o file.o
configure:7541: gcc -c -g -O2  -o out/conftest2.o conftest.c >&5
configure:7545: $? = 0
configure:7567: result: yes
configure:7593: checking whether the gcc linker (/usr/bin/ld -m elf_x86_64) supports shared libraries
configure:8548: result: yes
configure:8569: checking whether -lc should be explicitly linked in
configure:8574: gcc -c -g -O2  conftest.c >&5
configure:8577: $? = 0
configure:8592: gcc -shared conftest.o  -v -Wl,-soname -Wl,conftest -o conftest 2\>\&1 \| grep  -lc  \>/dev/null 2\>\&1
configure:8595: $? = 0
configure:8607: result: no
configure:8615: checking dynamic linker characteristics
configure:9191: result: GNU/Linux ld.so
configure:9200: checking how to hardcode library paths into programs
configure:9225: result: immediate
configure:9239: checking whether stripping libraries is possible
configure:9244: result: yes
configure:10045: checking if libtool supports shared libraries
configure:10047: result: yes
configure:10050: checking whether to build shared libraries
configure:10071: result: yes
configure:10074: checking whether to build static libraries
configure:10078: result: yes
configure:10170: creating libtool
configure:10758: checking for ld used by g++
configure:10825: result: /usr/bin/ld -m elf_x86_64
configure:10834: checking if the linker (/usr/bin/ld -m elf_x86_64) is GNU ld
configure:10849: result: yes
configure:10900: checking whether the g++ linker (/usr/bin/ld -m elf_x86_64) supports shared libraries
configure:11834: result: yes
configure:11852: g++ -c -g -O2  conftest.cpp >&5
configure:11855: $? = 0
configure:11974: checking for g++ option to produce PIC
configure:12248: result: -fPIC
configure:12256: checking if g++ PIC flag -fPIC works
configure:12274: g++ -c -g -O2  -fPIC -DPIC conftest.cpp >&5
configure:12278: $? = 0
configure:12291: result: yes
configure:12319: checking if g++ static flag -static works
configure:12347: result: yes
configure:12357: checking if g++ supports -c -o file.o
configure:12378: g++ -c -g -O2  -o out/conftest2.o conftest.cpp >&5
configure:12382: $? = 0
configure:12404: result: yes
configure:12430: checking whether the g++ linker (/usr/bin/ld -m elf_x86_64) supports shared libraries
configure:12458: result: yes
configure:12525: checking dynamic linker characteristics
configure:13101: result: GNU/Linux ld.so
configure:13110: checking how to hardcode library paths into programs
configure:13135: result: immediate
configure:19311: checking for gcc
configure:19338: result: gcc
configure:19576: checking for C compiler version
configure:19583: gcc --version >&5
gcc (GCC) 13.1.1 20230429
Copyright (C) 2023 Free Software Foundation, Inc.
This is free software; see the source for copying conditions.  There is NO
warranty; not even for MERCHANTABILITY or FITNESS FOR A PARTICULAR PURPOSE.

configure:19586: $? = 0
configure:19593: gcc -v >&5
Using built-in specs.
COLLECT_GCC=gcc
COLLECT_LTO_WRAPPER=/usr/lib/gcc/x86_64-pc-linux-gnu/13.1.1/lto-wrapper
Target: x86_64-pc-linux-gnu
Configured with: /build/gcc/src/gcc/configure --enable-languages=ada,c,c++,d,fortran,go,lto,objc,obj-c++ --enable-bootstrap --prefix=/usr --libdir=/usr/lib --libexecdir=/usr/lib --mandir=/usr/share/man --infodir=/usr/share/info --with-bugurl=https://bugs.archlinux.org/ --with-build-config=bootstrap-lto --with-linker-hash-style=gnu --with-system-zlib --enable-__cxa_atexit --enable-cet=auto --enable-checking=release --enable-clocale=gnu --enable-default-pie --enable-default-ssp --enable-gnu-indirect-function --enable-gnu-unique-object --enable-libstdcxx-backtrace --enable-link-serialization=1 --enable-linker-build-id --enable-lto --enable-multilib --enable-plugin --enable-shared --enable-threads=posix --disable-libssp --disable-libstdcxx-pch --disable-werror
Thread model: posix
Supported LTO compression algorithms: zlib zstd
gcc version 13.1.1 20230429 (GCC) 
configure:19596: $? = 0
configure:19603: gcc -V >&5
gcc: error: unrecognized command-line option '-V'
gcc: fatal error: no input files
compilation terminated.
configure:19606: $? = 1
configure:19609: checking whether we are using the GNU C compiler
configure:19661: result: yes
configure:19666: checking whether gcc accepts -g
configure:19801: result: yes
configure:19818: checking for gcc option to accept ISO C89
configure:19921: result: none needed
configure:19941: checking dependency style of gcc
configure:20032: result: gcc3
configure:20052: checking how to run the C preprocessor
configure:20168: result: gcc -E
configure:20197: gcc -E  conftest.c
configure:20203: $? = 0
configure:20234: gcc -E  conftest.c
conftest.c:21:10: fatal error: ac_nonexistent.h: No such file or directory
   21 | #include <ac_nonexistent.h>
      |          ^~~~~~~~~~~~~~~~~~
compilation terminated.
configure:20240: $? = 1
configure: failed program was:
| /* confdefs.h.  */
| #define PACKAGE_NAME "tomoe"
| #define PACKAGE_TARNAME "tomoe"
| #define PACKAGE_VERSION "0.6.0"
| #define PACKAGE_STRING "tomoe 0.6.0"
| #define PACKAGE_BUGREPORT ""
| #define PACKAGE "tomoe"
| #define VERSION "0.6.0"
| #define STDC_HEADERS 1
| #define HAVE_SYS_TYPES_H 1
| #define HAVE_SYS_STAT_H 1
| #define HAVE_STDLIB_H 1
| #define HAVE_STRING_H 1
| #define HAVE_MEMORY_H 1
| #define HAVE_STRINGS_H 1
| #define HAVE_INTTYPES_H 1
| #define HAVE_STDINT_H 1
| #define HAVE_UNISTD_H 1
| #define HAVE_DLFCN_H 1
| /* end confdefs.h.  */
| #include <ac_nonexistent.h>
configure:20290: checking for a BSD-compatible install
configure:20346: result: /usr/bin/install -c
configure:20357: checking whether ln -s works
configure:20361: result: yes
configure:20368: checking whether make sets $(MAKE)
configure:20389: result: yes
configure:20402: checking for gawk
configure:20429: result: gawk
configure:20531: checking for pkg-config
configure:20549: found /usr/bin/pkg-config
configure:20561: result: /usr/bin/pkg-config
configure:20590: checking pkg-config is at least version 0.9.0
configure:20593: result: yes
configure:20723: checking for intltool >= 0.35.0
configure:20730: result: 0.35.5 found
configure:20786: checking for perl
configure:20804: found /usr/bin/perl
configure:20816: result: /usr/bin/perl
configure:20835: checking for XML::Parser
configure:20838: result: ok
configure:20849: checking for iconv
configure:20867: found /usr/bin/iconv
configure:20880: result: /usr/bin/iconv
configure:20890: checking for msgfmt
configure:20908: found /usr/bin/msgfmt
configure:20921: result: /usr/bin/msgfmt
configure:20931: checking for msgmerge
configure:20949: found /usr/bin/msgmerge
configure:20962: result: /usr/bin/msgmerge
configure:20972: checking for xgettext
configure:20990: found /usr/bin/xgettext
configure:21003: result: /usr/bin/xgettext
configure:21040: gcc -o conftest -g -O2 -Wall -Wmissing-declarations -Wmissing-prototypes -Wpointer-arith -Wcast-align   conftest.c  >&5
configure:21046: $? = 0
configure:21182: checking locale.h usability
configure:21199: gcc -c -g -O2 -Wall -Wmissing-declarations -Wmissing-prototypes -Wpointer-arith -Wcast-align  conftest.c >&5
configure:21205: $? = 0
configure:21219: result: yes
configure:21223: checking locale.h presence
configure:21238: gcc -E  conftest.c
configure:21244: $? = 0
configure:21258: result: yes
configure:21286: checking for locale.h
configure:21294: result: yes
configure:21308: checking for LC_MESSAGES
configure:21334: gcc -o conftest -g -O2 -Wall -Wmissing-declarations -Wmissing-prototypes -Wpointer-arith -Wcast-align   conftest.c  >&5
configure:21340: $? = 0
configure:21357: result: yes
configure:21386: checking libintl.h usability
configure:21403: gcc -c -g -O2 -Wall -Wmissing-declarations -Wmissing-prototypes -Wpointer-arith -Wcast-align  conftest.c >&5
configure:21409: $? = 0
configure:21423: result: yes
configure:21427: checking libintl.h presence
configure:21442: gcc -E  conftest.c
configure:21448: $? = 0
configure:21462: result: yes
configure:21490: checking for libintl.h
configure:21497: result: yes
configure:21508: checking for ngettext in libc
configure:21536: gcc -o conftest -g -O2 -Wall -Wmissing-declarations -Wmissing-prototypes -Wpointer-arith -Wcast-align   conftest.c  >&5
configure:21542: $? = 0
configure:21560: result: yes
configure:21564: checking for dgettext in libc
configure:21592: gcc -o conftest -g -O2 -Wall -Wmissing-declarations -Wmissing-prototypes -Wpointer-arith -Wcast-align   conftest.c  >&5
configure:21598: $? = 0
configure:21616: result: yes
configure:21625: checking for bind_textdomain_codeset
configure:21681: gcc -o conftest -g -O2 -Wall -Wmissing-declarations -Wmissing-prototypes -Wpointer-arith -Wcast-align   conftest.c  >&5
configure:21687: $? = 0
configure:21705: result: yes
configure:22192: checking for msgfmt
configure:22219: result: /usr/bin/msgfmt
configure:22232: checking for dcgettext
configure:22288: gcc -o conftest -g -O2 -Wall -Wmissing-declarations -Wmissing-prototypes -Wpointer-arith -Wcast-align   conftest.c   >&5
conftest.c:48:6: warning: conflicting types for built-in function 'dcgettext'; expected 'char *(const char *, const char *, int)' [-Wbuiltin-declaration-mismatch]
   48 | char dcgettext ();
      |      ^~~~~~~~~
configure:22294: $? = 0
configure:22312: result: yes
configure:22323: checking if msgfmt accepts -c
configure:22338: msgfmt -c -o /dev/null conftest.foo
conftest.foo:3: warning: header field 'Language' missing in header
configure:22341: $? = 0
configure:22343: result: yes
configure:22353: checking for gmsgfmt
configure:22384: result: /usr/bin/msgfmt
configure:22394: checking for xgettext
configure:22421: result: /usr/bin/xgettext
configure:22450: gcc -o conftest -g -O2 -Wall -Wmissing-declarations -Wmissing-prototypes -Wpointer-arith -Wcast-align   conftest.c   >&5
configure:22456: $? = 0
configure:22695: checking for xsltproc
configure:22713: found /usr/bin/xsltproc
configure:22726: result: /usr/bin/xsltproc
configure:22738: checking for rxp
configure:22769: result: none
configure:22780: checking for main in -le
configure:22809: gcc -o conftest -g -O2 -Wall -Wmissing-declarations -Wmissing-prototypes -Wpointer-arith -Wcast-align   conftest.c -le   >&5
conftest.c: In function 'main':
conftest.c:31:1: warning: infinite recursion detected [-Winfinite-recursion]
   31 | main ()
      | ^~~~
conftest.c:33:8: note: recursive call
   33 | return main ();
      |        ^~~~~~~
/usr/bin/ld: cannot find -le: No such file or directory
collect2: error: ld returned 1 exit status
configure:22815: $? = 1
configure: failed program was:
| /* confdefs.h.  */
| #define PACKAGE_NAME "tomoe"
| #define PACKAGE_TARNAME "tomoe"
| #define PACKAGE_VERSION "0.6.0"
| #define PACKAGE_STRING "tomoe 0.6.0"
| #define PACKAGE_BUGREPORT ""
| #define PACKAGE "tomoe"
| #define VERSION "0.6.0"
| #define STDC_HEADERS 1
| #define HAVE_SYS_TYPES_H 1
| #define HAVE_SYS_STAT_H 1
| #define HAVE_STDLIB_H 1
| #define HAVE_STRING_H 1
| #define HAVE_MEMORY_H 1
| #define HAVE_STRINGS_H 1
| #define HAVE_INTTYPES_H 1
| #define HAVE_STDINT_H 1
| #define HAVE_UNISTD_H 1
| #define HAVE_DLFCN_H 1
| #define HAVE_LOCALE_H 1
| #define HAVE_LC_MESSAGES 1
| #define HAVE_BIND_TEXTDOMAIN_CODESET 1
| #define HAVE_GETTEXT 1
| #define HAVE_DCGETTEXT 1
| #define ENABLE_NLS 1
| #define GETTEXT_PACKAGE "tomoe"
| /* end confdefs.h.  */
| 
| 
| int
| main ()
| {
| return main ();
|   ;
|   return 0;
| }
configure:22833: result: no
configure:22846: checking for main in -links
configure:22875: gcc -o conftest -g -O2 -Wall -Wmissing-declarations -Wmissing-prototypes -Wpointer-arith -Wcast-align   conftest.c -links   >&5
conftest.c: In function 'main':
conftest.c:31:1: warning: infinite recursion detected [-Winfinite-recursion]
   31 | main ()
      | ^~~~
conftest.c:33:8: note: recursive call
   33 | return main ();
      |        ^~~~~~~
/usr/bin/ld: cannot find -links: No such file or directory
collect2: error: ld returned 1 exit status
configure:22881: $? = 1
configure: failed program was:
| /* confdefs.h.  */
| #define PACKAGE_NAME "tomoe"
| #define PACKAGE_TARNAME "tomoe"
| #define PACKAGE_VERSION "0.6.0"
| #define PACKAGE_STRING "tomoe 0.6.0"
| #define PACKAGE_BUGREPORT ""
| #define PACKAGE "tomoe"
| #define VERSION "0.6.0"
| #define STDC_HEADERS 1
| #define HAVE_SYS_TYPES_H 1
| #define HAVE_SYS_STAT_H 1
| #define HAVE_STDLIB_H 1
| #define HAVE_STRING_H 1
| #define HAVE_MEMORY_H 1
| #define HAVE_STRINGS_H 1
| #define HAVE_INTTYPES_H 1
| #define HAVE_STDINT_H 1
| #define HAVE_UNISTD_H 1
| #define HAVE_DLFCN_H 1
| #define HAVE_LOCALE_H 1
| #define HAVE_LC_MESSAGES 1
| #define HAVE_BIND_TEXTDOMAIN_CODESET 1
| #define HAVE_GETTEXT 1
| #define HAVE_DCGETTEXT 1
| #define ENABLE_NLS 1
| #define GETTEXT_PACKAGE "tomoe"
| /* end confdefs.h.  */
| 
| 
| int
| main ()
| {
| return main ();
|   ;
|   return 0;
| }
configure:22899: result: no
configure:22912: checking for ANSI C header files
configure:23076: result: yes
configure:23105: checking fcntl.h usability
configure:23122: gcc -c -g -O2 -Wall -Wmissing-declarations -Wmissing-prototypes -Wpointer-arith -Wcast-align  conftest.c >&5
configure:23128: $? = 0
configure:23142: result: yes
configure:23146: checking fcntl.h presence
configure:23161: gcc -E  conftest.c
configure:23167: $? = 0
configure:23181: result: yes
configure:23209: checking for fcntl.h
configure:23217: result: yes
configure:23095: checking for libintl.h
configure:23101: result: yes
configure:23095: checking for stdlib.h
configure:23101: result: yes
configure:23095: checking for string.h
configure:23101: result: yes
configure:23095: checking for unistd.h
configure:23101: result: yes
configure:23232: checking for an ANSI C-conforming const
configure:23307: gcc -c -g -O2 -Wall -Wmissing-declarations -Wmissing-prototypes -Wpointer-arith -Wcast-align  conftest.c >&5
conftest.c: In function 'main':
conftest.c:63:7: warning: 't' is used uninitialized [-Wuninitialized]
   63 |     *t++ = 0;
      |      ~^~
conftest.c:60:11: note: 't' was declared here
   60 |     char *t;
      |           ^
conftest.c:79:23: warning: 'b' is used uninitialized [-Wuninitialized]
   79 |     struct s *b; b->j = 5;
      |                  ~~~~~^~~
conftest.c:79:15: note: 'b' was declared here
   79 |     struct s *b; b->j = 5;
      |               ^
conftest.c:85:13: warning: 'cs' is used uninitialized [-Wuninitialized]
   85 |   return !cs[0] && !zero.x;
      |           ~~^~~
conftest.c:42:17: note: 'cs' declared here
   42 |   const charset cs;
      |                 ^~
configure:23313: $? = 0
configure:23328: result: yes
configure:23349: checking for setlocale
configure:23405: gcc -o conftest -g -O2 -Wall -Wmissing-declarations -Wmissing-prototypes -Wpointer-arith -Wcast-align   conftest.c  >&5
configure:23411: $? = 0
configure:23429: result: yes
configure:23349: checking for strchr
configure:23405: gcc -o conftest -g -O2 -Wall -Wmissing-declarations -Wmissing-prototypes -Wpointer-arith -Wcast-align   conftest.c  >&5
conftest.c:58:6: warning: conflicting types for built-in function 'strchr'; expected 'char *(const char *, int)' [-Wbuiltin-declaration-mismatch]
   58 | char strchr ();
      |      ^~~~~~
conftest.c:46:1: note: 'strchr' is declared in header '<string.h>'
   45 | # include <limits.h>
   46 | #else
configure:23411: $? = 0
configure:23429: result: yes
configure:23349: checking for strtol
configure:23405: gcc -o conftest -g -O2 -Wall -Wmissing-declarations -Wmissing-prototypes -Wpointer-arith -Wcast-align   conftest.c  >&5
configure:23411: $? = 0
configure:23429: result: yes
configure:23349: checking for uname
configure:23405: gcc -o conftest -g -O2 -Wall -Wmissing-declarations -Wmissing-prototypes -Wpointer-arith -Wcast-align   conftest.c  >&5
configure:23411: $? = 0
configure:23429: result: yes
configure:23349: checking for memmove
configure:23405: gcc -o conftest -g -O2 -Wall -Wmissing-declarations -Wmissing-prototypes -Wpointer-arith -Wcast-align   conftest.c  >&5
conftest.c:61:6: warning: conflicting types for built-in function 'memmove'; expected 'void *(void *, const void *, long unsigned int)' [-Wbuiltin-declaration-mismatch]
   61 | char memmove ();
      |      ^~~~~~~
conftest.c:49:1: note: 'memmove' is declared in header '<string.h>'
   48 | # include <limits.h>
   49 | #else
configure:23411: $? = 0
configure:23429: result: yes
configure:23349: checking for strerror
configure:23405: gcc -o conftest -g -O2 -Wall -Wmissing-declarations -Wmissing-prototypes -Wpointer-arith -Wcast-align   conftest.c  >&5
configure:23411: $? = 0
configure:23429: result: yes
configure:23516: checking for pkg-config
configure:23546: result: /usr/bin/pkg-config
configure:23575: checking pkg-config is at least version 0.7
configure:23578: result: yes
configure:23596: checking for GLIB - version >= 2.4.0
configure:23720: gcc -o conftest -g -O2 -Wall -Wmissing-declarations -Wmissing-prototypes -Wpointer-arith -Wcast-align -I/usr/include/glib-2.0 -I/usr/lib/glib-2.0/include -I/usr/include/sysprof-4 -pthread    conftest.c -Wl,--export-dynamic -lgmodule-2.0 -pthread -lglib-2.0 -lgobject-2.0 -lglib-2.0   >&5
configure:23723: $? = 0
configure:23729: ./conftest
configure:23732: $? = 0
configure:23752: result: yes (version 2.76.3)
configure:23848: checking for EST
configure:23856: $PKG_CONFIG --exists --print-errors "hyperestraier"
Package hyperestraier was not found in the pkg-config search path.
Perhaps you should add the directory containing `hyperestraier.pc'
to the PKG_CONFIG_PATH environment variable
Package 'hyperestraier', required by 'virtual:world', not found
configure:23859: $? = 1
configure:23874: $PKG_CONFIG --exists --print-errors "hyperestraier"
Package hyperestraier was not found in the pkg-config search path.
Perhaps you should add the directory containing `hyperestraier.pc'
to the PKG_CONFIG_PATH environment variable
Package 'hyperestraier', required by 'virtual:world', not found
configure:23877: $? = 1
Package 'hyperestraier', required by 'virtual:world', not found
configure:23905: result: no
configure:23955: checking for ruby
configure:23973: found /usr/bin/ruby
configure:23986: result: /usr/bin/ruby
configure:24060: checking for ruby.h
configure:24081: gcc -c -g -O2 -Wall -Wmissing-declarations -Wmissing-prototypes -Wpointer-arith -Wcast-align  -I  -I     conftest.c >&5
conftest.c:47:10: fatal error: ruby.h: No such file or directory
   47 | #include <ruby.h>
      |          ^~~~~~~~
compilation terminated.
configure:24087: $? = 1
configure: failed program was:
| /* confdefs.h.  */
| #define PACKAGE_NAME "tomoe"
| #define PACKAGE_TARNAME "tomoe"
| #define PACKAGE_VERSION "0.6.0"
| #define PACKAGE_STRING "tomoe 0.6.0"
| #define PACKAGE_BUGREPORT ""
| #define PACKAGE "tomoe"
| #define VERSION "0.6.0"
| #define STDC_HEADERS 1
| #define HAVE_SYS_TYPES_H 1
| #define HAVE_SYS_STAT_H 1
| #define HAVE_STDLIB_H 1
| #define HAVE_STRING_H 1
| #define HAVE_MEMORY_H 1
| #define HAVE_STRINGS_H 1
| #define HAVE_INTTYPES_H 1
| #define HAVE_STDINT_H 1
| #define HAVE_UNISTD_H 1
| #define HAVE_DLFCN_H 1
| #define HAVE_LOCALE_H 1
| #define HAVE_LC_MESSAGES 1
| #define HAVE_BIND_TEXTDOMAIN_CODESET 1
| #define HAVE_GETTEXT 1
| #define HAVE_DCGETTEXT 1
| #define ENABLE_NLS 1
| #define GETTEXT_PACKAGE "tomoe"
| #define STDC_HEADERS 1
| #define HAVE_FCNTL_H 1
| #define HAVE_LIBINTL_H 1
| #define HAVE_STDLIB_H 1
| #define HAVE_STRING_H 1
| #define HAVE_UNISTD_H 1
| #define HAVE_SETLOCALE 1
| #define HAVE_STRCHR 1
| #define HAVE_STRTOL 1
| #define HAVE_UNAME 1
| #define HAVE_MEMMOVE 1
| #define HAVE_STRERROR 1
| /* end confdefs.h.  */
| 
| #undef PACKAGE_NAME
| #undef PACKAGE_TARNAME
| #undef PACKAGE_STRING
| #undef PACKAGE_VERSION
| 
| 
| #include <ruby.h>
configure:24103: result: no
configure:24112: WARNING: Disable Ruby binding.
configure:24185: checking where to install Ruby binding
configure:24201: result: 
configure:24204: checking where to install Ruby scripts
configure:24220: result: 
configure:24259: checking for python
configure:24277: found /usr/bin/python
configure:24289: result: /usr/bin/python
configure:24312: checking for python version
configure:24319: result: 
configure:24331: checking for python platform
configure:24338: result: 
configure:24345: checking for python script directory
configure:24353: result: ${prefix}/lib/python/site-packages
configure:24362: checking for python extension module directory
configure:24370: result: ${exec_prefix}/lib/python/site-packages
configure:24419: checking for PYGOBJECT
configure:24427: $PKG_CONFIG --exists --print-errors "pygobject-2.0"
Package pygobject-2.0 was not found in the pkg-config search path.
Perhaps you should add the directory containing `pygobject-2.0.pc'
to the PKG_CONFIG_PATH environment variable
Package 'pygobject-2.0', required by 'virtual:world', not found
configure:24430: $? = 1
configure:24445: $PKG_CONFIG --exists --print-errors "pygobject-2.0"
Package pygobject-2.0 was not found in the pkg-config search path.
Perhaps you should add the directory containing `pygobject-2.0.pc'
to the PKG_CONFIG_PATH environment variable
Package 'pygobject-2.0', required by 'virtual:world', not found
configure:24448: $? = 1
Package 'pygobject-2.0', required by 'virtual:world', not found
configure:24476: result: no
configure:24478: WARNING: Disable Python binding.
configure:24745: checking for unzip
configure:24763: found /usr/bin/unzip
configure:24776: result: /usr/bin/unzip
configure:24789: checking for APR
configure:24797: $PKG_CONFIG --exists --print-errors "apr-1"
configure:24800: $? = 0
configure:24815: $PKG_CONFIG --exists --print-errors "apr-1"
configure:24818: $? = 0
configure:24854: result: yes
configure:24868: checking for Subversion headers
configure:24881: result: not found
configure:24896: checking for Subversion libraries
configure:24909: result: not found
configure:24933: checking for mysql_config
configure:24951: found /usr/bin/mysql_config
configure:24964: result: /usr/bin/mysql_config
configure:25215: creating ./config.status

## ---------------------- ##
## Running config.status. ##
## ---------------------- ##

This file was extended by tomoe config.status 0.6.0, which was
generated by GNU Autoconf 2.61.  Invocation command line was

  CONFIG_FILES    = 
  CONFIG_HEADERS  = 
  CONFIG_LINKS    = 
  CONFIG_COMMANDS = 
  $ ./config.status 

on x17

config.status:813: creating Makefile
config.status:813: creating po/Makefile.in
config.status:813: creating lib/Makefile
config.status:813: creating module/Makefile
config.status:813: creating module/dict/Makefile
config.status:813: creating module/recognizer/Makefile
config.status:813: creating data/Makefile
config.status:813: creating bindings/Makefile
config.status:813: creating bindings/ruby/Makefile
config.status:813: creating bindings/python/Makefile
config.status:813: creating bindings/python/pytomoe.pc
config.status:813: creating db/Makefile
config.status:813: creating db/lib/Makefile
config.status:813: creating db/migrate/Makefile
config.status:813: creating test/Makefile
config.status:813: creating test/data/Makefile
config.status:813: creating test/python/Makefile
config.status:813: creating benchmark/Makefile
config.status:813: creating doc/Makefile
config.status:813: creating doc/reference/Makefile
config.status:813: creating doc/reference/version.xml
config.status:813: creating tomoe.pc
config.status:813: creating spec/Makefile
config.status:813: creating spec/turbo-linux/Makefile
config.status:813: creating spec/turbo-linux/tomoe.spec
config.status:813: creating spec/miracle-linux/Makefile
config.status:813: creating spec/miracle-linux/tomoe.spec
config.status:813: creating config.h
config.status:1105: executing depfiles commands
config.status:1105: executing intltool commands
config.status:1105: executing default-1 commands
config.status:1105: executing modify-itlocaledir commands
config.status:1105: executing po/stamp-it commands

## ---------------- ##
## Cache variables. ##
## ---------------- ##

ac_cv_build=x86_64-unknown-linux-gnu
ac_cv_c_compiler_gnu=yes
ac_cv_c_const=yes
ac_cv_cxx_compiler_gnu=yes
ac_cv_env_APR_CFLAGS_set=
ac_cv_env_APR_CFLAGS_value=
ac_cv_env_APR_LIBS_set=
ac_cv_env_APR_LIBS_value=
ac_cv_env_CCC_set=
ac_cv_env_CCC_value=
ac_cv_env_CC_set=
ac_cv_env_CC_value=
ac_cv_env_CFLAGS_set=
ac_cv_env_CFLAGS_value=
ac_cv_env_CPPFLAGS_set=
ac_cv_env_CPPFLAGS_value=
ac_cv_env_CPP_set=
ac_cv_env_CPP_value=
ac_cv_env_CXXCPP_set=
ac_cv_env_CXXCPP_value=
ac_cv_env_CXXFLAGS_set=
ac_cv_env_CXXFLAGS_value=
ac_cv_env_CXX_set=
ac_cv_env_CXX_value=
ac_cv_env_EST_CFLAGS_set=
ac_cv_env_EST_CFLAGS_value=
ac_cv_env_EST_LIBS_set=
ac_cv_env_EST_LIBS_value=
ac_cv_env_F77_set=
ac_cv_env_F77_value=
ac_cv_env_FFLAGS_set=
ac_cv_env_FFLAGS_value=
ac_cv_env_LDFLAGS_set=
ac_cv_env_LDFLAGS_value=
ac_cv_env_LIBS_set=
ac_cv_env_LIBS_value=
ac_cv_env_PKG_CONFIG_set=
ac_cv_env_PKG_CONFIG_value=
ac_cv_env_PYGOBJECT_CFLAGS_set=
ac_cv_env_PYGOBJECT_CFLAGS_value=
ac_cv_env_PYGOBJECT_LIBS_set=
ac_cv_env_PYGOBJECT_LIBS_value=
ac_cv_env_build_alias_set=
ac_cv_env_build_alias_value=
ac_cv_env_host_alias_set=
ac_cv_env_host_alias_value=
ac_cv_env_target_alias_set=
ac_cv_env_target_alias_value=
ac_cv_f77_compiler_gnu=no
ac_cv_func_bind_textdomain_codeset=yes
ac_cv_func_dcgettext=yes
ac_cv_func_memmove=yes
ac_cv_func_setlocale=yes
ac_cv_func_strchr=yes
ac_cv_func_strerror=yes
ac_cv_func_strtol=yes
ac_cv_func_uname=yes
ac_cv_header_dlfcn_h=yes
ac_cv_header_fcntl_h=yes
ac_cv_header_inttypes_h=yes
ac_cv_header_libintl_h=yes
ac_cv_header_locale_h=yes
ac_cv_header_memory_h=yes
ac_cv_header_ruby_h=no
ac_cv_header_stdc=yes
ac_cv_header_stdint_h=yes
ac_cv_header_stdlib_h=yes
ac_cv_header_string_h=yes
ac_cv_header_strings_h=yes
ac_cv_header_sys_stat_h=yes
ac_cv_header_sys_types_h=yes
ac_cv_header_unistd_h=yes
ac_cv_host=x86_64-unknown-linux-gnu
ac_cv_lib_e_main=no
ac_cv_lib_inks_main=no
ac_cv_objext=o
ac_cv_path_EGREP='/usr/bin/grep -E'
ac_cv_path_GMSGFMT=/usr/bin/msgfmt
ac_cv_path_GREP=/usr/bin/grep
ac_cv_path_INTLTOOL_ICONV=/usr/bin/iconv
ac_cv_path_INTLTOOL_MSGFMT=/usr/bin/msgfmt
ac_cv_path_INTLTOOL_MSGMERGE=/usr/bin/msgmerge
ac_cv_path_INTLTOOL_PERL=/usr/bin/perl
ac_cv_path_INTLTOOL_XGETTEXT=/usr/bin/xgettext
ac_cv_path_MSGFMT=/usr/bin/msgfmt
ac_cv_path_MYSQL_CONFIG=/usr/bin/mysql_config
ac_cv_path_PYTHON=/usr/bin/python
ac_cv_path_RUBY=/usr/bin/ruby
ac_cv_path_RXP=none
ac_cv_path_UNZIP=/usr/bin/unzip
ac_cv_path_XGETTEXT=/usr/bin/xgettext
ac_cv_path_XSLTPROC=/usr/bin/xsltproc
ac_cv_path_ac_pt_PKG_CONFIG=/usr/bin/pkg-config
ac_cv_path_install='/usr/bin/install -c'
ac_cv_path_mkdir=/usr/bin/mkdir
ac_cv_prog_AWK=gawk
ac_cv_prog_CPP='gcc -E'
ac_cv_prog_CXXCPP='g++ -E'
ac_cv_prog_ac_ct_AR=ar
ac_cv_prog_ac_ct_CC=gcc
ac_cv_prog_ac_ct_CXX=g++
ac_cv_prog_ac_ct_RANLIB=ranlib
ac_cv_prog_ac_ct_STRIP=strip
ac_cv_prog_cc_c89=
ac_cv_prog_cc_g=yes
ac_cv_prog_cxx_g=yes
ac_cv_prog_f77_g=no
ac_cv_prog_make_make_set=yes
am_cv_CC_dependencies_compiler_type=gcc3
am_cv_CXX_dependencies_compiler_type=gcc3
am_cv_python_platform=
am_cv_python_pyexecdir='${exec_prefix}/lib/python/site-packages'
am_cv_python_pythondir='${prefix}/lib/python/site-packages'
am_cv_python_version=
am_cv_val_LC_MESSAGES=yes
gt_cv_func_dgettext_libc=yes
gt_cv_func_dgettext_libintl=no
gt_cv_func_ngettext_libc=yes
gt_cv_have_gettext=yes
lt_cv_deplibs_check_method=pass_all
lt_cv_file_magic_cmd='$MAGIC_CMD'
lt_cv_file_magic_test_file=
lt_cv_ld_reload_flag=-r
lt_cv_objdir=.libs
lt_cv_path_LD=/usr/bin/ld
lt_cv_path_LDCXX='/usr/bin/ld -m elf_x86_64'
lt_cv_path_NM='/usr/bin/nm -B'
lt_cv_path_SED=/usr/bin/sed
lt_cv_prog_compiler_c_o=yes
lt_cv_prog_compiler_c_o_CXX=yes
lt_cv_prog_compiler_rtti_exceptions=no
lt_cv_prog_gnu_ld=yes
lt_cv_prog_gnu_ldcxx=yes
lt_cv_sys_global_symbol_pipe='sed -n -e '\''s/^.*[ 	]\([ABCDGIRSTW][ABCDGIRSTW]*\)[ 	][ 	]*\([_A-Za-z][_A-Za-z0-9]*\)$/\1 \2 \2/p'\'''
lt_cv_sys_global_symbol_to_c_name_address='sed -n -e '\''s/^: \([^ ]*\) $/  {\"\1\", (lt_ptr) 0},/p'\'' -e '\''s/^[BCDEGRST] \([^ ]*\) \([^ ]*\)$/  {"\2", (lt_ptr) \&\2},/p'\'''
lt_cv_sys_global_symbol_to_cdecl='sed -n -e '\''s/^. .* \(.*\)$/extern int \1;/p'\'''
lt_cv_sys_max_cmd_len=32768
lt_lt_cv_prog_compiler_c_o='"yes"'
lt_lt_cv_prog_compiler_c_o_CXX='"yes"'
lt_lt_cv_sys_global_symbol_pipe='"sed -n -e '\''s/^.*[ 	]\\([ABCDGIRSTW][ABCDGIRSTW]*\\)[ 	][ 	]*\\([_A-Za-z][_A-Za-z0-9]*\\)\$/\\1 \\2 \\2/p'\''"'
lt_lt_cv_sys_global_symbol_to_c_name_address='"sed -n -e '\''s/^: \\([^ ]*\\) \$/  {\\\"\\1\\\", (lt_ptr) 0},/p'\'' -e '\''s/^[BCDEGRST] \\([^ ]*\\) \\([^ ]*\\)\$/  {\"\\2\", (lt_ptr) \\&\\2},/p'\''"'
lt_lt_cv_sys_global_symbol_to_cdecl='"sed -n -e '\''s/^. .* \\(.*\\)\$/extern int \\1;/p'\''"'
pkg_cv_APR_CFLAGS='-DLINUX -D_REENTRANT -D_GNU_SOURCE -I/usr/include/apr-1 '
pkg_cv_APR_LIBS='-lapr-1 '

## ----------------- ##
## Output variables. ##
## ----------------- ##

ACLOCAL='${SHELL} /tmp/tomoe-0.6.0/missing --run aclocal-1.10'
ALL_LINGUAS=''
AMDEPBACKSLASH='\'
AMDEP_FALSE='#'
AMDEP_TRUE=''
AMTAR='${SHELL} /tmp/tomoe-0.6.0/missing --run tar'
APR_CFLAGS='-DLINUX -D_REENTRANT -D_GNU_SOURCE -I/usr/include/apr-1 '
APR_LIBS='-lapr-1 '
AR='ar'
AUTOCONF='${SHELL} /tmp/tomoe-0.6.0/missing --run autoconf'
AUTOHEADER='${SHELL} /tmp/tomoe-0.6.0/missing --run autoheader'
AUTOMAKE='${SHELL} /tmp/tomoe-0.6.0/missing --run automake-1.10'
AWK='gawk'
CATALOGS=''
CATOBJEXT='.gmo'
CC='gcc'
CCDEPMODE='depmode=gcc3'
CFLAGS='-g -O2 -Wall -Wmissing-declarations -Wmissing-prototypes -Wpointer-arith -Wcast-align'
CPP='gcc -E'
CPPFLAGS=''
CXX='g++'
CXXCPP='g++ -E'
CXXDEPMODE='depmode=gcc3'
CXXFLAGS='-g -O2'
CYGPATH_W='echo'
DATADIRNAME='share'
DEFS='-DHAVE_CONFIG_H'
DEPDIR='.deps'
ECHO='echo'
ECHO_C=''
ECHO_N='-n'
ECHO_T=''
EGREP='/usr/bin/grep -E'
ENABLE_GTK_DOC_FALSE=''
ENABLE_GTK_DOC_TRUE='#'
EST_CFLAGS=''
EST_LIBS=''
EXEEXT=''
F77=''
FFLAGS=''
GETTEXT_PACKAGE='tomoe'
GLIB_CFLAGS='-I/usr/include/glib-2.0 -I/usr/lib/glib-2.0/include -I/usr/include/sysprof-4 -pthread '
GLIB_GENMARSHAL='/usr/bin/glib-genmarshal'
GLIB_LIBS='-Wl,--export-dynamic -lgmodule-2.0 -pthread -lglib-2.0 -lgobject-2.0 -lglib-2.0 '
GLIB_MKENUMS='/usr/bin/glib-mkenums'
GMOFILES=''
GMSGFMT='/usr/bin/msgfmt'
GOBJECT_QUERY='/usr/bin/gobject-query'
GREP='/usr/bin/grep'
GTK_DOC_USE_LIBTOOL_FALSE='#'
GTK_DOC_USE_LIBTOOL_TRUE=''
HTML_DIR='${datadir}/gtk-doc/html'
INSTALL_DATA='${INSTALL} -m 644'
INSTALL_PROGRAM='${INSTALL}'
INSTALL_SCRIPT='${INSTALL}'
INSTALL_STRIP_PROGRAM='$(install_sh) -c -s'
INSTOBJEXT='.mo'
INTLLIBS=''
INTLTOOL_CAVES_RULE='%.caves:     %.caves.in     $(INTLTOOL_MERGE) $(wildcard $(top_srcdir)/po/*.po) ; LC_ALL=C $(INTLTOOL_MERGE) -d -u -c $(top_builddir)/po/.intltool-merge-cache $(top_srcdir)/po $< $@'
INTLTOOL_DESKTOP_RULE='%.desktop:   %.desktop.in   $(INTLTOOL_MERGE) $(wildcard $(top_srcdir)/po/*.po) ; LC_ALL=C $(INTLTOOL_MERGE) -d -u -c $(top_builddir)/po/.intltool-merge-cache $(top_srcdir)/po $< $@'
INTLTOOL_DIRECTORY_RULE='%.directory: %.directory.in $(INTLTOOL_MERGE) $(wildcard $(top_srcdir)/po/*.po) ; LC_ALL=C $(INTLTOOL_MERGE) -d -u -c $(top_builddir)/po/.intltool-merge-cache $(top_srcdir)/po $< $@'
INTLTOOL_EXTRACT='$(top_builddir)/intltool-extract'
INTLTOOL_ICONV='/usr/bin/iconv'
INTLTOOL_KBD_RULE='%.kbd:       %.kbd.in       $(INTLTOOL_MERGE) $(wildcard $(top_srcdir)/po/*.po) ; LC_ALL=C $(INTLTOOL_MERGE) -x -u -m -c $(top_builddir)/po/.intltool-merge-cache $(top_srcdir)/po $< $@'
INTLTOOL_KEYS_RULE='%.keys:      %.keys.in      $(INTLTOOL_MERGE) $(wildcard $(top_srcdir)/po/*.po) ; LC_ALL=C $(INTLTOOL_MERGE) -k -u -c $(top_builddir)/po/.intltool-merge-cache $(top_srcdir)/po $< $@'
INTLTOOL_MERGE='$(top_builddir)/intltool-merge'
INTLTOOL_MSGFMT='/usr/bin/msgfmt'
INTLTOOL_MSGMERGE='/usr/bin/msgmerge'
INTLTOOL_OAF_RULE='%.oaf:       %.oaf.in       $(INTLTOOL_MERGE) $(wildcard $(top_srcdir)/po/*.po) ; LC_ALL=C $(INTLTOOL_MERGE) -o -p $(top_srcdir)/po $< $@'
INTLTOOL_PERL='/usr/bin/perl'
INTLTOOL_PONG_RULE='%.pong:      %.pong.in      $(INTLTOOL_MERGE) $(wildcard $(top_srcdir)/po/*.po) ; LC_ALL=C $(INTLTOOL_MERGE) -x -u -c $(top_builddir)/po/.intltool-merge-cache $(top_srcdir)/po $< $@'
INTLTOOL_PROP_RULE='%.prop:      %.prop.in      $(INTLTOOL_MERGE) $(wildcard $(top_srcdir)/po/*.po) ; LC_ALL=C $(INTLTOOL_MERGE) -d -u -c $(top_builddir)/po/.intltool-merge-cache $(top_srcdir)/po $< $@'
INTLTOOL_SCHEMAS_RULE='%.schemas:   %.schemas.in   $(INTLTOOL_MERGE) $(wildcard $(top_srcdir)/po/*.po) ; LC_ALL=C $(INTLTOOL_MERGE) -s -u -c $(top_builddir)/po/.intltool-merge-cache $(top_srcdir)/po $< $@'
INTLTOOL_SERVER_RULE='%.server:    %.server.in    $(INTLTOOL_MERGE) $(wildcard $(top_srcdir)/po/*.po) ; LC_ALL=C $(INTLTOOL_MERGE) -o -u -c $(top_builddir)/po/.intltool-merge-cache $(top_srcdir)/po $< $@'
INTLTOOL_SERVICE_RULE='%.service: %.service.in   $(INTLTOOL_MERGE) $(wildcard $(top_srcdir)/po/*.po) ; LC_ALL=C $(INTLTOOL_MERGE) -d -u -c $(top_builddir)/po/.intltool-merge-cache $(top_srcdir)/po $< $@'
INTLTOOL_SHEET_RULE='%.sheet:     %.sheet.in     $(INTLTOOL_MERGE) $(wildcard $(top_srcdir)/po/*.po) ; LC_ALL=C $(INTLTOOL_MERGE) -x -u -c $(top_builddir)/po/.intltool-merge-cache $(top_srcdir)/po $< $@'
INTLTOOL_SOUNDLIST_RULE='%.soundlist: %.soundlist.in $(INTLTOOL_MERGE) $(wildcard $(top_srcdir)/po/*.po) ; LC_ALL=C $(INTLTOOL_MERGE) -d -u -c $(top_builddir)/po/.intltool-merge-cache $(top_srcdir)/po $< $@'
INTLTOOL_THEME_RULE='%.theme:     %.theme.in     $(INTLTOOL_MERGE) $(wildcard $(top_srcdir)/po/*.po) ; LC_ALL=C $(INTLTOOL_MERGE) -d -u -c $(top_builddir)/po/.intltool-merge-cache $(top_srcdir)/po $< $@'
INTLTOOL_UI_RULE='%.ui:        %.ui.in        $(INTLTOOL_MERGE) $(wildcard $(top_srcdir)/po/*.po) ; LC_ALL=C $(INTLTOOL_MERGE) -x -u -c $(top_builddir)/po/.intltool-merge-cache $(top_srcdir)/po $< $@'
INTLTOOL_UPDATE='$(top_builddir)/intltool-update'
INTLTOOL_XAM_RULE='%.xam:       %.xml.in       $(INTLTOOL_MERGE) $(wildcard $(top_srcdir)/po/*.po) ; LC_ALL=C $(INTLTOOL_MERGE) -x -u -c $(top_builddir)/po/.intltool-merge-cache $(top_srcdir)/po $< $@'
INTLTOOL_XGETTEXT='/usr/bin/xgettext'
INTLTOOL_XML_NOMERGE_RULE='%.xml:       %.xml.in       $(INTLTOOL_MERGE) ; LC_ALL=C $(INTLTOOL_MERGE) -x -u /tmp $< $@'
INTLTOOL_XML_RULE='%.xml:       %.xml.in       $(INTLTOOL_MERGE) $(wildcard $(top_srcdir)/po/*.po) ; LC_ALL=C $(INTLTOOL_MERGE) -x -u -c $(top_builddir)/po/.intltool-merge-cache $(top_srcdir)/po $< $@'
LDFLAGS=''
LIBOBJS=''
LIBS=''
LIBTOOL='$(SHELL) $(top_builddir)/libtool'
LIBTOOL_EXPORT_OPTIONS='-export-symbols-regex "^[^_].*"'
LN_S='ln -s'
LTLIBOBJS=''
LT_VERSION_INFO='1:0:1'
MAKEINFO='${SHELL} /tmp/tomoe-0.6.0/missing --run makeinfo'
MKINSTALLDIRS='./mkinstalldirs'
MSGFMT='/usr/bin/msgfmt'
MSGFMT_OPTS='-c'
MYSQL_CFLAGS='-I/usr/include/mysql -I/usr/include/mysql/mysql'
MYSQL_CONFIG='/usr/bin/mysql_config'
MYSQL_LIBS='-L/usr/lib/ -lmariadb'
OBJEXT='o'
PACKAGE='tomoe'
PACKAGE_BUGREPORT=''
PACKAGE_NAME='tomoe'
PACKAGE_STRING='tomoe 0.6.0'
PACKAGE_TARNAME='tomoe'
PACKAGE_VERSION='0.6.0'
PATH_SEPARATOR=':'
PKG_CONFIG='/usr/bin/pkg-config'
POFILES=''
POSUB='po'
PO_IN_DATADIR_FALSE=''
PO_IN_DATADIR_TRUE=''
PYGOBJECT_CFLAGS=''
PYGOBJECT_LIBS=''
PYGTK_CODEGEN=''
PYTHON='/usr/bin/python'
PYTHON_CFLAGS=''
PYTHON_EXEC_PREFIX='${exec_prefix}'
PYTHON_LDFLAGS=''
PYTHON_LIBS=''
PYTHON_PLATFORM=''
PYTHON_PREFIX='${prefix}'
PYTHON_VERSION=''
RANLIB='ranlib'
RUBY='/usr/bin/ruby'
RUBY_CFLAGS=' -I  -I   '
RUBY_LDFLAGS='-L'
RUBY_LIBS=''
RXP='none'
SET_MAKE=''
SHELL='/bin/sh'
STRIP='strip'
SVN_CFLAGS='$(APR_CFLAGS) -I/subversion-1'
SVN_LIBS='$(APR_LIBS) -L -lsvn_client-1 -lsvn_subr-1'
TOMOE_CFLAGS=' $(GLIB_CFLAGS) -DCONFDIR=\""$(confdir)"\" -DDATADIR=\""$(pkgdatadir)"\" -DDICT_DATADIR=\""$(dict_datadir)"\" -DRECOGNIZER_DATADIR=\""$(recognizer_datadir)"\" -DDICT_MODULEDIR=\""$(dict_moduledir)"\" -DRECOGNIZER_MODULEDIR=\""$(recognizer_moduledir)"\" -I$(top_srcdir)/lib'
TOMOE_LIBS='$(GLIB_LIBS)'
TOMOE_VERSION='0.6.0'
UNZIP='/usr/bin/unzip'
USE_DICT_RUBY_FALSE=''
USE_DICT_RUBY_TRUE='#'
USE_EST_FALSE=''
USE_EST_TRUE='#'
USE_MYSQL_FALSE='#'
USE_MYSQL_TRUE=''
USE_NLS='yes'
USE_SVN_FALSE=''
USE_SVN_TRUE='#'
USE_UNIHAN_FALSE='#'
USE_UNIHAN_TRUE=''
VERSION='0.6.0'
WITH_PYTHON_FALSE=''
WITH_PYTHON_TRUE='#'
WITH_RUBY_FALSE=''
WITH_RUBY_TRUE='#'
XGETTEXT='/usr/bin/xgettext'
XSLTPROC='/usr/bin/xsltproc'
ac_ct_CC='gcc'
ac_ct_CXX='g++'
ac_ct_F77=''
am__fastdepCC_FALSE='#'
am__fastdepCC_TRUE=''
am__fastdepCXX_FALSE='#'
am__fastdepCXX_TRUE=''
am__include='include'
am__isrc=''
am__leading_dot='.'
am__quote=''
am__tar='${AMTAR} chof - "$$tardir"'
am__untar='${AMTAR} xf -'
bindir='${exec_prefix}/bin'
build='x86_64-unknown-linux-gnu'
build_alias=''
build_cpu='x86_64'
build_os='linux-gnu'
build_vendor='unknown'
confdir='${sysconfdir}/$(PACKAGE)'
datadir='${datarootdir}'
datarootdir='${prefix}/share'
dict_datadir='${pkgdatadir}/dict'
dict_moduledir='${moduledir}/dict'
docdir='${datarootdir}/doc/${PACKAGE_TARNAME}'
dvidir='${docdir}'
exec_prefix='${prefix}'
host='x86_64-unknown-linux-gnu'
host_alias=''
host_cpu='x86_64'
host_os='linux-gnu'
host_vendor='unknown'
htmldir='${docdir}'
includedir='${prefix}/include'
infodir='${datarootdir}/info'
install_sh='$(SHELL) /tmp/tomoe-0.6.0/install-sh'
libdir='${exec_prefix}/lib'
libexecdir='${exec_prefix}/libexec'
localedir='${datarootdir}/locale'
localstatedir='${prefix}/var'
mandir='${datarootdir}/man'
mkdir_p='/usr/bin/mkdir -p'
moduledir='${libdir}/$(PACKAGE)/module'
oldincludedir='/usr/include'
pdfdir='${docdir}'
pkgpyexecdir='${pyexecdir}/tomoe'
pkgpythondir='${pythondir}/tomoe'
prefix='/usr/local'
program_transform_name='s,x,x,'
psdir='${docdir}'
pyexecdir='${exec_prefix}/lib/python/site-packages'
pythondir='${prefix}/lib/python/site-packages'
recognizer_datadir='${pkgdatadir}/recognizer'
recognizer_moduledir='${moduledir}/recognizer'
ruby_bindingdir=''
ruby_libdir=''
sbindir='${exec_prefix}/sbin'
sharedstatedir='${prefix}/com'
sysconfdir='${prefix}/etc'
target_alias=''

## ----------- ##
## confdefs.h. ##
## ----------- ##

#define PACKAGE_NAME "tomoe"
#define PACKAGE_TARNAME "tomoe"
#define PACKAGE_VERSION "0.6.0"
#define PACKAGE_STRING "tomoe 0.6.0"
#define PACKAGE_BUGREPORT ""
#define PACKAGE "tomoe"
#define VERSION "0.6.0"
#define STDC_HEADERS 1
#define HAVE_SYS_TYPES_H 1
#define HAVE_SYS_STAT_H 1
#define HAVE_STDLIB_H 1
#define HAVE_STRING_H 1
#define HAVE_MEMORY_H 1
#define HAVE_STRINGS_H 1
#define HAVE_INTTYPES_H 1
#define HAVE_STDINT_H 1
#define HAVE_UNISTD_H 1
#define HAVE_DLFCN_H 1
#define HAVE_LOCALE_H 1
#define HAVE_LC_MESSAGES 1
#define HAVE_BIND_TEXTDOMAIN_CODESET 1
#define HAVE_GETTEXT 1
#define HAVE_DCGETTEXT 1
#define ENABLE_NLS 1
#define GETTEXT_PACKAGE "tomoe"
#define STDC_HEADERS 1
#define HAVE_FCNTL_H 1
#define HAVE_LIBINTL_H 1
#define HAVE_STDLIB_H 1
#define HAVE_STRING_H 1
#define HAVE_UNISTD_H 1
#define HAVE_SETLOCALE 1
#define HAVE_STRCHR 1
#define HAVE_STRTOL 1
#define HAVE_UNAME 1
#define HAVE_MEMMOVE 1
#define HAVE_STRERROR 1

configure: exit 0
